Name                                         Stmts   Miss  Cover   Missing
--------------------------------------------------------------------------
config\__init__.py                               0      0   100%
config\asgi.py                                   4      4     0%   10-16
config\settings.py                              30      0   100%
config\urls.py                                   9      1    89%   42
config\wsgi.py                                   4      4     0%   10-16
lms\__init__.py                                  0      0   100%
lms\admin.py                                     1      0   100%
lms\apps.py                                      3      0   100%
lms\models.py                                   35      3    91%   24, 47, 75
lms\paginators.py                                5      0   100%
lms\permissions.py                               5      0   100%
lms\serializers.py                              28      1    96%   31
lms\urls.py                                      6      0   100%
lms\validators.py                               14      0   100%
lms\views.py                                    75      0   100%
users\__init__.py                                0      0   100%
users\admin.py                                   1      0   100%
users\apps.py                                    3      0   100%
users\management\__init__.py                     0      0   100%
users\management\commands\__init__.py            0      0   100%
users\management\commands\fill_payments.py      15     15     0%   1-39
users\models.py                                 49     10    80%   8, 16-24, 44, 67
users\permissions.py                            16      1    94%   30
users\serializers.py                            36      2    94%   20-21
users\services.py                               11      4    64%   11, 19, 31, 41
users\urls.py                                    8      0   100%
users\views.py                                  73      4    95%   77-78, 105-106
--------------------------------------------------------------------------
TOTAL                                          431     49    89%
